{"D:\\Projets\\TP-Master\\tp6-mock-react\\src\\App.jsx": {"path":"D:\\Projets\\TP-Master\\tp6-mock-react\\src\\App.jsx","statementMap":{"0":{"start":{"line":4,"column":34},"end":{"line":4,"column":46}},"1":{"start":{"line":5,"column":26},"end":{"line":5,"column":38}},"2":{"start":{"line":6,"column":32},"end":{"line":6,"column":47}},"3":{"start":{"line":9,"column":23},"end":{"line":9,"column":66}},"4":{"start":{"line":10,"column":19},"end":{"line":10,"column":44}},"5":{"start":{"line":12,"column":24},"end":{"line":20,"column":3}},"6":{"start":{"line":13,"column":4},"end":{"line":13,"column":21}},"7":{"start":{"line":15,"column":23},"end":{"line":15,"column":59}},"8":{"start":{"line":16,"column":4},"end":{"line":19,"column":40}},"9":{"start":{"line":17,"column":21},"end":{"line":17,"column":31}},"10":{"start":{"line":19,"column":21},"end":{"line":19,"column":38}},"11":{"start":{"line":22,"column":2},"end":{"line":24,"column":13}},"12":{"start":{"line":23,"column":4},"end":{"line":23,"column":24}},"13":{"start":{"line":26,"column":23},"end":{"line":29,"column":3}},"14":{"start":{"line":27,"column":20},"end":{"line":27,"column":53}},"15":{"start":{"line":28,"column":4},"end":{"line":28,"column":21}},"16":{"start":{"line":31,"column":2},"end":{"line":49,"column":4}},"17":{"start":{"line":42,"column":12},"end":{"line":44,"column":17}}},"fnMap":{"0":{"name":"App","decl":{"start":{"line":3,"column":9},"end":{"line":3,"column":12}},"loc":{"start":{"line":3,"column":15},"end":{"line":50,"column":1}},"line":3},"1":{"name":"(anonymous_1)","decl":{"start":{"line":12,"column":24},"end":{"line":12,"column":25}},"loc":{"start":{"line":12,"column":41},"end":{"line":20,"column":3}},"line":12},"2":{"name":"(anonymous_2)","decl":{"start":{"line":17,"column":12},"end":{"line":17,"column":13}},"loc":{"start":{"line":17,"column":21},"end":{"line":17,"column":31}},"line":17},"3":{"name":"(anonymous_3)","decl":{"start":{"line":19,"column":15},"end":{"line":19,"column":16}},"loc":{"start":{"line":19,"column":21},"end":{"line":19,"column":38}},"line":19},"4":{"name":"(anonymous_4)","decl":{"start":{"line":22,"column":12},"end":{"line":22,"column":13}},"loc":{"start":{"line":22,"column":18},"end":{"line":24,"column":3}},"line":22},"5":{"name":"(anonymous_5)","decl":{"start":{"line":26,"column":23},"end":{"line":26,"column":24}},"loc":{"start":{"line":26,"column":29},"end":{"line":29,"column":3}},"line":26},"6":{"name":"(anonymous_6)","decl":{"start":{"line":41,"column":24},"end":{"line":41,"column":25}},"loc":{"start":{"line":42,"column":12},"end":{"line":44,"column":17}},"line":42}},"branchMap":{"0":{"loc":{"start":{"line":15,"column":23},"end":{"line":15,"column":59}},"type":"cond-expr","locations":[{"start":{"line":15,"column":34},"end":{"line":15,"column":54}},{"start":{"line":15,"column":57},"end":{"line":15,"column":59}}],"line":15},"1":{"loc":{"start":{"line":35,"column":7},"end":{"line":47,"column":7}},"type":"cond-expr","locations":[{"start":{"line":36,"column":8},"end":{"line":36,"column":28}},{"start":{"line":37,"column":10},"end":{"line":47,"column":7}}],"line":35},"2":{"loc":{"start":{"line":37,"column":10},"end":{"line":47,"column":7}},"type":"cond-expr","locations":[{"start":{"line":38,"column":8},"end":{"line":38,"column":40}},{"start":{"line":40,"column":8},"end":{"line":46,"column":13}}],"line":37}},"s":{"0":12,"1":12,"2":12,"3":12,"4":12,"5":12,"6":4,"7":4,"8":4,"9":4,"10":4,"11":12,"12":4,"13":12,"14":1,"15":1,"16":12,"17":40},"f":{"0":12,"1":4,"2":4,"3":4,"4":4,"5":1,"6":40},"b":{"0":[0,4],"1":[4,8],"2":[4,4]},"_coverageSchema":"1a1c01bbd47fc00a2c39e90264f33305004495a9","hash":"1040ae72e2284f0a174ed738c30e2ff83eb139db"}
,"D:\\Projets\\TP-Master\\tp6-mock-react\\src\\mocks\\browser.js": {"path":"D:\\Projets\\TP-Master\\tp6-mock-react\\src\\mocks\\browser.js","statementMap":{"0":{"start":{"line":5,"column":22},"end":{"line":5,"column":46}}},"fnMap":{},"branchMap":{},"s":{"0":0},"f":{},"b":{}}
,"D:\\Projets\\TP-Master\\tp6-mock-react\\src\\mocks\\handlers.js": {"path":"D:\\Projets\\TP-Master\\tp6-mock-react\\src\\mocks\\handlers.js","statementMap":{"0":{"start":{"line":5,"column":24},"end":{"line":16,"column":1}},"1":{"start":{"line":7,"column":16},"end":{"line":7,"column":74}},"2":{"start":{"line":8,"column":17},"end":{"line":8,"column":59}},"3":{"start":{"line":9,"column":18},"end":{"line":11,"column":10}},"4":{"start":{"line":12,"column":4},"end":{"line":12,"column":52}},"5":{"start":{"line":13,"column":21},"end":{"line":13,"column":50}},"6":{"start":{"line":14,"column":4},"end":{"line":14,"column":56}}},"fnMap":{"0":{"name":"(anonymous_0)","decl":{"start":{"line":6,"column":28},"end":{"line":6,"column":29}},"loc":{"start":{"line":6,"column":37},"end":{"line":15,"column":3}},"line":6}},"branchMap":{"0":{"loc":{"start":{"line":7,"column":24},"end":{"line":7,"column":51}},"type":"binary-expr","locations":[{"start":{"line":7,"column":24},"end":{"line":7,"column":40}},{"start":{"line":7,"column":44},"end":{"line":7,"column":51}}],"line":7},"1":{"loc":{"start":{"line":8,"column":17},"end":{"line":8,"column":59}},"type":"binary-expr","locations":[{"start":{"line":8,"column":17},"end":{"line":8,"column":53}},{"start":{"line":8,"column":57},"end":{"line":8,"column":59}}],"line":8},"2":{"loc":{"start":{"line":9,"column":18},"end":{"line":11,"column":10}},"type":"cond-expr","locations":[{"start":{"line":10,"column":8},"end":{"line":10,"column":45}},{"start":{"line":11,"column":8},"end":{"line":11,"column":10}}],"line":9}},"s":{"0":0,"1":0,"2":0,"3":0,"4":0,"5":0,"6":0},"f":{"0":0},"b":{"0":[0,0],"1":[0,0],"2":[0,0]}}
,"D:\\Projets\\TP-Master\\tp6-mock-react\\src\\utils\\generateProducts.js": {"path":"D:\\Projets\\TP-Master\\tp6-mock-react\\src\\utils\\generateProducts.js","statementMap":{"0":{"start":{"line":4,"column":2},"end":{"line":4,"column":19}},"1":{"start":{"line":5,"column":2},"end":{"line":9,"column":6}},"2":{"start":{"line":5,"column":50},"end":{"line":9,"column":3}}},"fnMap":{"0":{"name":"generateProducts","decl":{"start":{"line":3,"column":16},"end":{"line":3,"column":32}},"loc":{"start":{"line":3,"column":51},"end":{"line":10,"column":1}},"line":3},"1":{"name":"(anonymous_1)","decl":{"start":{"line":5,"column":43},"end":{"line":5,"column":44}},"loc":{"start":{"line":5,"column":50},"end":{"line":9,"column":3}},"line":5}},"branchMap":{"0":{"loc":{"start":{"line":3,"column":39},"end":{"line":3,"column":49}},"type":"default-arg","locations":[{"start":{"line":3,"column":47},"end":{"line":3,"column":49}}],"line":3}},"s":{"0":0,"1":0,"2":0},"f":{"0":0,"1":0},"b":{"0":[0]}}
}
