TN:
SF:src\App.jsx
FN:3,App
FN:13,(anonymous_1)
FN:18,(anonymous_2)
FN:23,(anonymous_3)
FN:24,(anonymous_4)
FN:27,(anonymous_5)
FN:31,(anonymous_6)
FN:48,(anonymous_7)
FNF:8
FNH:8
FNDA:18,App
FNDA:6,(anonymous_1)
FNDA:5,(anonymous_2)
FNDA:2,(anonymous_3)
FNDA:6,(anonymous_4)
FNDA:6,(anonymous_5)
FNDA:1,(anonymous_6)
FNDA:40,(anonymous_7)
DA:4,18
DA:5,18
DA:6,18
DA:7,18
DA:10,18
DA:11,18
DA:13,18
DA:14,6
DA:15,6
DA:16,6
DA:17,6
DA:19,5
DA:20,4
DA:23,2
DA:24,6
DA:27,18
DA:28,6
DA:31,18
DA:32,1
DA:33,1
DA:36,18
DA:49,40
LF:22
LH:22
BRDA:16,0,0,0
BRDA:16,0,1,6
BRDA:19,1,0,1
BRDA:19,1,1,4
BRDA:40,2,0,6
BRDA:40,2,1,12
BRDA:42,3,0,2
BRDA:42,3,1,10
BRDA:44,4,0,6
BRDA:44,4,1,4
BRF:10
BRH:9
end_of_record
TN:
SF:src\mocks\browser.js
FNF:0
FNH:0
DA:5,0
LF:1
LH:0
BRF:0
BRH:0
end_of_record
TN:
SF:src\mocks\handlers.js
FN:6,(anonymous_0)
FNF:1
FNH:0
FNDA:0,(anonymous_0)
DA:5,0
DA:7,0
DA:8,0
DA:9,0
DA:12,0
DA:13,0
DA:14,0
LF:7
LH:0
BRDA:7,0,0,0
BRDA:7,0,1,0
BRDA:8,1,0,0
BRDA:8,1,1,0
BRDA:9,2,0,0
BRDA:9,2,1,0
BRF:6
BRH:0
end_of_record
TN:
SF:src\utils\generateProducts.js
FN:3,generateProducts
FN:5,(anonymous_1)
FNF:2
FNH:0
FNDA:0,generateProducts
FNDA:0,(anonymous_1)
DA:4,0
DA:5,0
LF:2
LH:0
BRDA:3,0,0,0
BRF:1
BRH:0
end_of_record
