TN:
SF:src\App.jsx
FN:3,App
FN:12,(anonymous_1)
FN:17,(anonymous_2)
FN:19,(anonymous_3)
FN:22,(anonymous_4)
FN:26,(anonymous_5)
FN:41,(anonymous_6)
FNF:7
FNH:7
FNDA:12,App
FNDA:4,(anonymous_1)
FNDA:4,(anonymous_2)
FNDA:4,(anonymous_3)
FNDA:4,(anonymous_4)
FNDA:1,(anonymous_5)
FNDA:40,(anonymous_6)
DA:4,12
DA:5,12
DA:6,12
DA:9,12
DA:10,12
DA:12,12
DA:13,4
DA:15,4
DA:16,4
DA:17,4
DA:19,4
DA:22,12
DA:23,4
DA:26,12
DA:27,1
DA:28,1
DA:31,12
DA:42,40
LF:18
LH:18
BRDA:15,0,0,0
BRDA:15,0,1,4
BRDA:35,1,0,4
BRDA:35,1,1,8
BRDA:37,2,0,4
BRDA:37,2,1,4
BRF:6
BRH:5
end_of_record
TN:
SF:src\mocks\browser.js
FNF:0
FNH:0
DA:5,0
LF:1
LH:0
BRF:0
BRH:0
end_of_record
TN:
SF:src\mocks\handlers.js
FN:6,(anonymous_0)
FNF:1
FNH:0
FNDA:0,(anonymous_0)
DA:5,0
DA:7,0
DA:8,0
DA:9,0
DA:12,0
DA:13,0
DA:14,0
LF:7
LH:0
BRDA:7,0,0,0
BRDA:7,0,1,0
BRDA:8,1,0,0
BRDA:8,1,1,0
BRDA:9,2,0,0
BRDA:9,2,1,0
BRF:6
BRH:0
end_of_record
TN:
SF:src\utils\generateProducts.js
FN:3,generateProducts
FN:5,(anonymous_1)
FNF:2
FNH:0
FNDA:0,generateProducts
FNDA:0,(anonymous_1)
DA:4,0
DA:5,0
LF:2
LH:0
BRDA:3,0,0,0
BRF:1
BRH:0
end_of_record
